2013/08/15 16:24:40 [error] [exception.CHttpException.403] exception 'CHttpException' with message 'You are not allowed to access this page.' in /home1/jassifie/public_html/yii/trunk/resources/framework/gii/GiiModule.php:170
Stack trace:
#0 /home1/jassifie/public_html/yii/trunk/resources/framework/web/CController.php(263): GiiModule->beforeControllerAction(Object(DefaultController), Object(CInlineAction))
#1 /home1/jassifie/public_html/yii/trunk/resources/framework/web/CWebApplication.php(282): CController->run('')
#2 /home1/jassifie/public_html/yii/trunk/resources/framework/web/CWebApplication.php(141): CWebApplication->runController('gii')
#3 /home1/jassifie/public_html/yii/trunk/resources/framework/base/CApplication.php(180): CWebApplication->processRequest()
#4 /home1/jassifie/public_html/yii/trunk/webapp/index.php(12): CApplication->run()
#5 {main}
REQUEST_URI=/trunk/webapp/index.php?r=gii
---
2013/08/15 17:14:45 [error] [exception.CHttpException.404] exception 'CHttpException' with message 'The requested view "index" was not found.' in /home1/jassifie/public_html/yii/trunk/resources/framework/web/actions/CViewAction.php:112
Stack trace:
#0 /home1/jassifie/public_html/yii/trunk/resources/framework/web/actions/CViewAction.php(123): CViewAction->resolveView('index')
#1 /home1/jassifie/public_html/yii/trunk/resources/framework/web/actions/CAction.php(76): CViewAction->run()
#2 /home1/jassifie/public_html/yii/trunk/resources/framework/web/CController.php(308): CAction->runWithParams(Array)
#3 /home1/jassifie/public_html/yii/trunk/resources/framework/web/CController.php(286): CController->runAction(Object(CViewAction))
#4 /home1/jassifie/public_html/yii/trunk/resources/framework/web/CController.php(265): CController->runActionWithFilters(Object(CViewAction), Array)
#5 /home1/jassifie/public_html/yii/trunk/resources/framework/web/CWebApplication.php(282): CController->run('page')
#6 /home1/jassifie/public_html/yii/trunk/resources/framework/web/CWebApplication.php(141): CWebApplication->runController('site/page/about')
#7 /home1/jassifie/public_html/yii/trunk/resources/framework/base/CApplication.php(180): CWebApplication->processRequest()
#8 /home1/jassifie/public_html/yii/trunk/webapp/index.php(12): CApplication->run()
#9 {main}
REQUEST_URI=/trunk/webapp/site/page/about
---
2013/08/17 13:41:05 [error] [exception.CHttpException.404] exception 'CHttpException' with message 'Unable to resolve the request "gii/login".' in /home1/jassifie/public_html/yii/trunk/resources/framework/web/CWebApplication.php:286
Stack trace:
#0 /home1/jassifie/public_html/yii/trunk/resources/framework/web/CWebApplication.php(141): CWebApplication->runController('gii/login')
#1 /home1/jassifie/public_html/yii/trunk/resources/framework/base/CApplication.php(180): CWebApplication->processRequest()
#2 /home1/jassifie/public_html/yii/trunk/webapp/index.php(12): CApplication->run()
#3 {main}
REQUEST_URI=/trunk/webapp/gii/login
---
2013/08/17 13:45:33 [error] [exception.CHttpException.404] exception 'CHttpException' with message 'Unable to resolve the request "gii/login".' in /home1/jassifie/public_html/yii/trunk/resources/framework/web/CWebApplication.php:286
Stack trace:
#0 /home1/jassifie/public_html/yii/trunk/resources/framework/web/CWebApplication.php(141): CWebApplication->runController('gii/login')
#1 /home1/jassifie/public_html/yii/trunk/resources/framework/base/CApplication.php(180): CWebApplication->processRequest()
#2 /home1/jassifie/public_html/yii/trunk/webapp/index.php(12): CApplication->run()
#3 {main}
REQUEST_URI=/trunk/webapp/gii/login
---
